<?xml version="1.0" encoding="UTF-8" ?>
<testsuites>
<testsuite name="Frisby Test: Ensure response has proper Content-Type" errors="0" tests="1" failures="0" time="0.293" timestamp="2017-07-10T16:17:41">
  <testcase classname="Frisby Test: Ensure response has proper Content-Type" name="
	[ POST http://localhost:3000/topics ]" time="0.287"></testcase>
</testsuite>
</testsuites>